[2020-02-12 08:56:41] local.ERROR: SQLSTATE[HY000] [2002] php_network_getaddresses: getaddrinfo failed: nodename nor servname provided, or not known (SQL: select * from information_schema.tables where table_schema = laravel and table_name = migrations and table_type = 'BASE TABLE') {"exception":"[object] (Illuminate\\Database\\QueryException(code: 2002): SQLSTATE[HY000] [2002] php_network_getaddresses: getaddrinfo failed: nodename nor servname provided, or not known (SQL: select * from information_schema.tables where table_schema = laravel and table_name = migrations and table_type = 'BASE TABLE') at /Users/vinothkumarmoorthy/Desktop/laravel-kafka/laravel-kafka-sub-example/vendor/laravel/framework/src/Illuminate/Database/Connection.php:669)
[stacktrace]
#0 /Users/vinothkumarmoorthy/Desktop/laravel-kafka/laravel-kafka-sub-example/vendor/laravel/framework/src/Illuminate/Database/Connection.php(629): Illuminate\\Database\\Connection->runQueryCallback('select * from i...', Array, Object(Closure))
#1 /Users/vinothkumarmoorthy/Desktop/laravel-kafka/laravel-kafka-sub-example/vendor/laravel/framework/src/Illuminate/Database/Connection.php(338): Illuminate\\Database\\Connection->run('select * from i...', Array, Object(Closure))
#2 /Users/vinothkumarmoorthy/Desktop/laravel-kafka/laravel-kafka-sub-example/vendor/laravel/framework/src/Illuminate/Database/Schema/MySqlBuilder.php(18): Illuminate\\Database\\Connection->select('select * from i...', Array)
#3 /Users/vinothkumarmoorthy/Desktop/laravel-kafka/laravel-kafka-sub-example/vendor/laravel/framework/src/Illuminate/Database/Migrations/DatabaseMigrationRepository.php(169): Illuminate\\Database\\Schema\\MySqlBuilder->hasTable('migrations')
#4 /Users/vinothkumarmoorthy/Desktop/laravel-kafka/laravel-kafka-sub-example/vendor/laravel/framework/src/Illuminate/Database/Migrations/Migrator.php(585): Illuminate\\Database\\Migrations\\DatabaseMigrationRepository->repositoryExists()
#5 /Users/vinothkumarmoorthy/Desktop/laravel-kafka/laravel-kafka-sub-example/vendor/laravel/framework/src/Illuminate/Database/Console/Migrations/MigrateCommand.php(91): Illuminate\\Database\\Migrations\\Migrator->repositoryExists()
#6 /Users/vinothkumarmoorthy/Desktop/laravel-kafka/laravel-kafka-sub-example/vendor/laravel/framework/src/Illuminate/Database/Console/Migrations/MigrateCommand.php(63): Illuminate\\Database\\Console\\Migrations\\MigrateCommand->prepareDatabase()
#7 [internal function]: Illuminate\\Database\\Console\\Migrations\\MigrateCommand->handle()
#8 /Users/vinothkumarmoorthy/Desktop/laravel-kafka/laravel-kafka-sub-example/vendor/laravel/framework/src/Illuminate/Container/BoundMethod.php(32): call_user_func_array(Array, Array)
#9 /Users/vinothkumarmoorthy/Desktop/laravel-kafka/laravel-kafka-sub-example/vendor/laravel/framework/src/Illuminate/Container/Util.php(36): Illuminate\\Container\\BoundMethod::Illuminate\\Container\\{closure}()
#10 /Users/vinothkumarmoorthy/Desktop/laravel-kafka/laravel-kafka-sub-example/vendor/laravel/framework/src/Illuminate/Container/BoundMethod.php(90): Illuminate\\Container\\Util::unwrapIfClosure(Object(Closure))
#11 /Users/vinothkumarmoorthy/Desktop/laravel-kafka/laravel-kafka-sub-example/vendor/laravel/framework/src/Illuminate/Container/BoundMethod.php(34): Illuminate\\Container\\BoundMethod::callBoundMethod(Object(Illuminate\\Foundation\\Application), Array, Object(Closure))
#12 /Users/vinothkumarmoorthy/Desktop/laravel-kafka/laravel-kafka-sub-example/vendor/laravel/framework/src/Illuminate/Container/Container.php(590): Illuminate\\Container\\BoundMethod::call(Object(Illuminate\\Foundation\\Application), Array, Array, NULL)
#13 /Users/vinothkumarmoorthy/Desktop/laravel-kafka/laravel-kafka-sub-example/vendor/laravel/framework/src/Illuminate/Console/Command.php(202): Illuminate\\Container\\Container->call(Array)
#14 /Users/vinothkumarmoorthy/Desktop/laravel-kafka/laravel-kafka-sub-example/vendor/symfony/console/Command/Command.php(255): Illuminate\\Console\\Command->execute(Object(Symfony\\Component\\Console\\Input\\ArgvInput), Object(Illuminate\\Console\\OutputStyle))
#15 /Users/vinothkumarmoorthy/Desktop/laravel-kafka/laravel-kafka-sub-example/vendor/laravel/framework/src/Illuminate/Console/Command.php(189): Symfony\\Component\\Console\\Command\\Command->run(Object(Symfony\\Component\\Console\\Input\\ArgvInput), Object(Illuminate\\Console\\OutputStyle))
#16 /Users/vinothkumarmoorthy/Desktop/laravel-kafka/laravel-kafka-sub-example/vendor/symfony/console/Application.php(1011): Illuminate\\Console\\Command->run(Object(Symfony\\Component\\Console\\Input\\ArgvInput), Object(Symfony\\Component\\Console\\Output\\ConsoleOutput))
#17 /Users/vinothkumarmoorthy/Desktop/laravel-kafka/laravel-kafka-sub-example/vendor/symfony/console/Application.php(272): Symfony\\Component\\Console\\Application->doRunCommand(Object(Illuminate\\Database\\Console\\Migrations\\MigrateCommand), Object(Symfony\\Component\\Console\\Input\\ArgvInput), Object(Symfony\\Component\\Console\\Output\\ConsoleOutput))
#18 /Users/vinothkumarmoorthy/Desktop/laravel-kafka/laravel-kafka-sub-example/vendor/symfony/console/Application.php(148): Symfony\\Component\\Console\\Application->doRun(Object(Symfony\\Component\\Console\\Input\\ArgvInput), Object(Symfony\\Component\\Console\\Output\\ConsoleOutput))
#19 /Users/vinothkumarmoorthy/Desktop/laravel-kafka/laravel-kafka-sub-example/vendor/laravel/framework/src/Illuminate/Console/Application.php(93): Symfony\\Component\\Console\\Application->run(Object(Symfony\\Component\\Console\\Input\\ArgvInput), Object(Symfony\\Component\\Console\\Output\\ConsoleOutput))
#20 /Users/vinothkumarmoorthy/Desktop/laravel-kafka/laravel-kafka-sub-example/vendor/laravel/framework/src/Illuminate/Foundation/Console/Kernel.php(131): Illuminate\\Console\\Application->run(Object(Symfony\\Component\\Console\\Input\\ArgvInput), Object(Symfony\\Component\\Console\\Output\\ConsoleOutput))
#21 /Users/vinothkumarmoorthy/Desktop/laravel-kafka/laravel-kafka-sub-example/artisan(37): Illuminate\\Foundation\\Console\\Kernel->handle(Object(Symfony\\Component\\Console\\Input\\ArgvInput), Object(Symfony\\Component\\Console\\Output\\ConsoleOutput))
#22 {main}

[previous exception] [object] (PDOException(code: 2002): SQLSTATE[HY000] [2002] php_network_getaddresses: getaddrinfo failed: nodename nor servname provided, or not known at /Users/vinothkumarmoorthy/Desktop/laravel-kafka/laravel-kafka-sub-example/vendor/laravel/framework/src/Illuminate/Database/Connectors/Connector.php:70)
[stacktrace]
#0 /Users/vinothkumarmoorthy/Desktop/laravel-kafka/laravel-kafka-sub-example/vendor/laravel/framework/src/Illuminate/Database/Connectors/Connector.php(70): PDO->__construct('mysql:host=kafk...', 'laravel', 'laravel', Array)
#1 /Users/vinothkumarmoorthy/Desktop/laravel-kafka/laravel-kafka-sub-example/vendor/laravel/framework/src/Illuminate/Database/Connectors/Connector.php(46): Illuminate\\Database\\Connectors\\Connector->createPdoConnection('mysql:host=kafk...', 'laravel', 'laravel', Array)
#2 /Users/vinothkumarmoorthy/Desktop/laravel-kafka/laravel-kafka-sub-example/vendor/laravel/framework/src/Illuminate/Database/Connectors/MySqlConnector.php(24): Illuminate\\Database\\Connectors\\Connector->createConnection('mysql:host=kafk...', Array, Array)
#3 /Users/vinothkumarmoorthy/Desktop/laravel-kafka/laravel-kafka-sub-example/vendor/laravel/framework/src/Illuminate/Database/Connectors/ConnectionFactory.php(182): Illuminate\\Database\\Connectors\\MySqlConnector->connect(Array)
#4 [internal function]: Illuminate\\Database\\Connectors\\ConnectionFactory->Illuminate\\Database\\Connectors\\{closure}()
#5 /Users/vinothkumarmoorthy/Desktop/laravel-kafka/laravel-kafka-sub-example/vendor/laravel/framework/src/Illuminate/Database/Connection.php(924): call_user_func(Object(Closure))
#6 /Users/vinothkumarmoorthy/Desktop/laravel-kafka/laravel-kafka-sub-example/vendor/laravel/framework/src/Illuminate/Database/Connection.php(949): Illuminate\\Database\\Connection->getPdo()
#7 /Users/vinothkumarmoorthy/Desktop/laravel-kafka/laravel-kafka-sub-example/vendor/laravel/framework/src/Illuminate/Database/Connection.php(404): Illuminate\\Database\\Connection->getReadPdo()
#8 /Users/vinothkumarmoorthy/Desktop/laravel-kafka/laravel-kafka-sub-example/vendor/laravel/framework/src/Illuminate/Database/Connection.php(330): Illuminate\\Database\\Connection->getPdoForSelect(true)
#9 /Users/vinothkumarmoorthy/Desktop/laravel-kafka/laravel-kafka-sub-example/vendor/laravel/framework/src/Illuminate/Database/Connection.php(662): Illuminate\\Database\\Connection->Illuminate\\Database\\{closure}('select * from i...', Array)
#10 /Users/vinothkumarmoorthy/Desktop/laravel-kafka/laravel-kafka-sub-example/vendor/laravel/framework/src/Illuminate/Database/Connection.php(629): Illuminate\\Database\\Connection->runQueryCallback('select * from i...', Array, Object(Closure))
#11 /Users/vinothkumarmoorthy/Desktop/laravel-kafka/laravel-kafka-sub-example/vendor/laravel/framework/src/Illuminate/Database/Connection.php(338): Illuminate\\Database\\Connection->run('select * from i...', Array, Object(Closure))
#12 /Users/vinothkumarmoorthy/Desktop/laravel-kafka/laravel-kafka-sub-example/vendor/laravel/framework/src/Illuminate/Database/Schema/MySqlBuilder.php(18): Illuminate\\Database\\Connection->select('select * from i...', Array)
#13 /Users/vinothkumarmoorthy/Desktop/laravel-kafka/laravel-kafka-sub-example/vendor/laravel/framework/src/Illuminate/Database/Migrations/DatabaseMigrationRepository.php(169): Illuminate\\Database\\Schema\\MySqlBuilder->hasTable('migrations')
#14 /Users/vinothkumarmoorthy/Desktop/laravel-kafka/laravel-kafka-sub-example/vendor/laravel/framework/src/Illuminate/Database/Migrations/Migrator.php(585): Illuminate\\Database\\Migrations\\DatabaseMigrationRepository->repositoryExists()
#15 /Users/vinothkumarmoorthy/Desktop/laravel-kafka/laravel-kafka-sub-example/vendor/laravel/framework/src/Illuminate/Database/Console/Migrations/MigrateCommand.php(91): Illuminate\\Database\\Migrations\\Migrator->repositoryExists()
#16 /Users/vinothkumarmoorthy/Desktop/laravel-kafka/laravel-kafka-sub-example/vendor/laravel/framework/src/Illuminate/Database/Console/Migrations/MigrateCommand.php(63): Illuminate\\Database\\Console\\Migrations\\MigrateCommand->prepareDatabase()
#17 [internal function]: Illuminate\\Database\\Console\\Migrations\\MigrateCommand->handle()
#18 /Users/vinothkumarmoorthy/Desktop/laravel-kafka/laravel-kafka-sub-example/vendor/laravel/framework/src/Illuminate/Container/BoundMethod.php(32): call_user_func_array(Array, Array)
#19 /Users/vinothkumarmoorthy/Desktop/laravel-kafka/laravel-kafka-sub-example/vendor/laravel/framework/src/Illuminate/Container/Util.php(36): Illuminate\\Container\\BoundMethod::Illuminate\\Container\\{closure}()
#20 /Users/vinothkumarmoorthy/Desktop/laravel-kafka/laravel-kafka-sub-example/vendor/laravel/framework/src/Illuminate/Container/BoundMethod.php(90): Illuminate\\Container\\Util::unwrapIfClosure(Object(Closure))
#21 /Users/vinothkumarmoorthy/Desktop/laravel-kafka/laravel-kafka-sub-example/vendor/laravel/framework/src/Illuminate/Container/BoundMethod.php(34): Illuminate\\Container\\BoundMethod::callBoundMethod(Object(Illuminate\\Foundation\\Application), Array, Object(Closure))
#22 /Users/vinothkumarmoorthy/Desktop/laravel-kafka/laravel-kafka-sub-example/vendor/laravel/framework/src/Illuminate/Container/Container.php(590): Illuminate\\Container\\BoundMethod::call(Object(Illuminate\\Foundation\\Application), Array, Array, NULL)
#23 /Users/vinothkumarmoorthy/Desktop/laravel-kafka/laravel-kafka-sub-example/vendor/laravel/framework/src/Illuminate/Console/Command.php(202): Illuminate\\Container\\Container->call(Array)
#24 /Users/vinothkumarmoorthy/Desktop/laravel-kafka/laravel-kafka-sub-example/vendor/symfony/console/Command/Command.php(255): Illuminate\\Console\\Command->execute(Object(Symfony\\Component\\Console\\Input\\ArgvInput), Object(Illuminate\\Console\\OutputStyle))
#25 /Users/vinothkumarmoorthy/Desktop/laravel-kafka/laravel-kafka-sub-example/vendor/laravel/framework/src/Illuminate/Console/Command.php(189): Symfony\\Component\\Console\\Command\\Command->run(Object(Symfony\\Component\\Console\\Input\\ArgvInput), Object(Illuminate\\Console\\OutputStyle))
#26 /Users/vinothkumarmoorthy/Desktop/laravel-kafka/laravel-kafka-sub-example/vendor/symfony/console/Application.php(1011): Illuminate\\Console\\Command->run(Object(Symfony\\Component\\Console\\Input\\ArgvInput), Object(Symfony\\Component\\Console\\Output\\ConsoleOutput))
#27 /Users/vinothkumarmoorthy/Desktop/laravel-kafka/laravel-kafka-sub-example/vendor/symfony/console/Application.php(272): Symfony\\Component\\Console\\Application->doRunCommand(Object(Illuminate\\Database\\Console\\Migrations\\MigrateCommand), Object(Symfony\\Component\\Console\\Input\\ArgvInput), Object(Symfony\\Component\\Console\\Output\\ConsoleOutput))
#28 /Users/vinothkumarmoorthy/Desktop/laravel-kafka/laravel-kafka-sub-example/vendor/symfony/console/Application.php(148): Symfony\\Component\\Console\\Application->doRun(Object(Symfony\\Component\\Console\\Input\\ArgvInput), Object(Symfony\\Component\\Console\\Output\\ConsoleOutput))
#29 /Users/vinothkumarmoorthy/Desktop/laravel-kafka/laravel-kafka-sub-example/vendor/laravel/framework/src/Illuminate/Console/Application.php(93): Symfony\\Component\\Console\\Application->run(Object(Symfony\\Component\\Console\\Input\\ArgvInput), Object(Symfony\\Component\\Console\\Output\\ConsoleOutput))
#30 /Users/vinothkumarmoorthy/Desktop/laravel-kafka/laravel-kafka-sub-example/vendor/laravel/framework/src/Illuminate/Foundation/Console/Kernel.php(131): Illuminate\\Console\\Application->run(Object(Symfony\\Component\\Console\\Input\\ArgvInput), Object(Symfony\\Component\\Console\\Output\\ConsoleOutput))
#31 /Users/vinothkumarmoorthy/Desktop/laravel-kafka/laravel-kafka-sub-example/artisan(37): Illuminate\\Foundation\\Console\\Kernel->handle(Object(Symfony\\Component\\Console\\Input\\ArgvInput), Object(Symfony\\Component\\Console\\Output\\ConsoleOutput))
#32 {main}

[previous exception] [object] (PDOException(code: 0): PDO::__construct(): php_network_getaddresses: getaddrinfo failed: nodename nor servname provided, or not known at /Users/vinothkumarmoorthy/Desktop/laravel-kafka/laravel-kafka-sub-example/vendor/laravel/framework/src/Illuminate/Database/Connectors/Connector.php:70)
[stacktrace]
#0 /Users/vinothkumarmoorthy/Desktop/laravel-kafka/laravel-kafka-sub-example/vendor/laravel/framework/src/Illuminate/Database/Connectors/Connector.php(70): PDO->__construct('mysql:host=kafk...', 'laravel', 'laravel', Array)
#1 /Users/vinothkumarmoorthy/Desktop/laravel-kafka/laravel-kafka-sub-example/vendor/laravel/framework/src/Illuminate/Database/Connectors/Connector.php(46): Illuminate\\Database\\Connectors\\Connector->createPdoConnection('mysql:host=kafk...', 'laravel', 'laravel', Array)
#2 /Users/vinothkumarmoorthy/Desktop/laravel-kafka/laravel-kafka-sub-example/vendor/laravel/framework/src/Illuminate/Database/Connectors/MySqlConnector.php(24): Illuminate\\Database\\Connectors\\Connector->createConnection('mysql:host=kafk...', Array, Array)
#3 /Users/vinothkumarmoorthy/Desktop/laravel-kafka/laravel-kafka-sub-example/vendor/laravel/framework/src/Illuminate/Database/Connectors/ConnectionFactory.php(182): Illuminate\\Database\\Connectors\\MySqlConnector->connect(Array)
#4 [internal function]: Illuminate\\Database\\Connectors\\ConnectionFactory->Illuminate\\Database\\Connectors\\{closure}()
#5 /Users/vinothkumarmoorthy/Desktop/laravel-kafka/laravel-kafka-sub-example/vendor/laravel/framework/src/Illuminate/Database/Connection.php(924): call_user_func(Object(Closure))
#6 /Users/vinothkumarmoorthy/Desktop/laravel-kafka/laravel-kafka-sub-example/vendor/laravel/framework/src/Illuminate/Database/Connection.php(949): Illuminate\\Database\\Connection->getPdo()
#7 /Users/vinothkumarmoorthy/Desktop/laravel-kafka/laravel-kafka-sub-example/vendor/laravel/framework/src/Illuminate/Database/Connection.php(404): Illuminate\\Database\\Connection->getReadPdo()
#8 /Users/vinothkumarmoorthy/Desktop/laravel-kafka/laravel-kafka-sub-example/vendor/laravel/framework/src/Illuminate/Database/Connection.php(330): Illuminate\\Database\\Connection->getPdoForSelect(true)
#9 /Users/vinothkumarmoorthy/Desktop/laravel-kafka/laravel-kafka-sub-example/vendor/laravel/framework/src/Illuminate/Database/Connection.php(662): Illuminate\\Database\\Connection->Illuminate\\Database\\{closure}('select * from i...', Array)
#10 /Users/vinothkumarmoorthy/Desktop/laravel-kafka/laravel-kafka-sub-example/vendor/laravel/framework/src/Illuminate/Database/Connection.php(629): Illuminate\\Database\\Connection->runQueryCallback('select * from i...', Array, Object(Closure))
#11 /Users/vinothkumarmoorthy/Desktop/laravel-kafka/laravel-kafka-sub-example/vendor/laravel/framework/src/Illuminate/Database/Connection.php(338): Illuminate\\Database\\Connection->run('select * from i...', Array, Object(Closure))
#12 /Users/vinothkumarmoorthy/Desktop/laravel-kafka/laravel-kafka-sub-example/vendor/laravel/framework/src/Illuminate/Database/Schema/MySqlBuilder.php(18): Illuminate\\Database\\Connection->select('select * from i...', Array)
#13 /Users/vinothkumarmoorthy/Desktop/laravel-kafka/laravel-kafka-sub-example/vendor/laravel/framework/src/Illuminate/Database/Migrations/DatabaseMigrationRepository.php(169): Illuminate\\Database\\Schema\\MySqlBuilder->hasTable('migrations')
#14 /Users/vinothkumarmoorthy/Desktop/laravel-kafka/laravel-kafka-sub-example/vendor/laravel/framework/src/Illuminate/Database/Migrations/Migrator.php(585): Illuminate\\Database\\Migrations\\DatabaseMigrationRepository->repositoryExists()
#15 /Users/vinothkumarmoorthy/Desktop/laravel-kafka/laravel-kafka-sub-example/vendor/laravel/framework/src/Illuminate/Database/Console/Migrations/MigrateCommand.php(91): Illuminate\\Database\\Migrations\\Migrator->repositoryExists()
#16 /Users/vinothkumarmoorthy/Desktop/laravel-kafka/laravel-kafka-sub-example/vendor/laravel/framework/src/Illuminate/Database/Console/Migrations/MigrateCommand.php(63): Illuminate\\Database\\Console\\Migrations\\MigrateCommand->prepareDatabase()
#17 [internal function]: Illuminate\\Database\\Console\\Migrations\\MigrateCommand->handle()
#18 /Users/vinothkumarmoorthy/Desktop/laravel-kafka/laravel-kafka-sub-example/vendor/laravel/framework/src/Illuminate/Container/BoundMethod.php(32): call_user_func_array(Array, Array)
#19 /Users/vinothkumarmoorthy/Desktop/laravel-kafka/laravel-kafka-sub-example/vendor/laravel/framework/src/Illuminate/Container/Util.php(36): Illuminate\\Container\\BoundMethod::Illuminate\\Container\\{closure}()
#20 /Users/vinothkumarmoorthy/Desktop/laravel-kafka/laravel-kafka-sub-example/vendor/laravel/framework/src/Illuminate/Container/BoundMethod.php(90): Illuminate\\Container\\Util::unwrapIfClosure(Object(Closure))
#21 /Users/vinothkumarmoorthy/Desktop/laravel-kafka/laravel-kafka-sub-example/vendor/laravel/framework/src/Illuminate/Container/BoundMethod.php(34): Illuminate\\Container\\BoundMethod::callBoundMethod(Object(Illuminate\\Foundation\\Application), Array, Object(Closure))
#22 /Users/vinothkumarmoorthy/Desktop/laravel-kafka/laravel-kafka-sub-example/vendor/laravel/framework/src/Illuminate/Container/Container.php(590): Illuminate\\Container\\BoundMethod::call(Object(Illuminate\\Foundation\\Application), Array, Array, NULL)
#23 /Users/vinothkumarmoorthy/Desktop/laravel-kafka/laravel-kafka-sub-example/vendor/laravel/framework/src/Illuminate/Console/Command.php(202): Illuminate\\Container\\Container->call(Array)
#24 /Users/vinothkumarmoorthy/Desktop/laravel-kafka/laravel-kafka-sub-example/vendor/symfony/console/Command/Command.php(255): Illuminate\\Console\\Command->execute(Object(Symfony\\Component\\Console\\Input\\ArgvInput), Object(Illuminate\\Console\\OutputStyle))
#25 /Users/vinothkumarmoorthy/Desktop/laravel-kafka/laravel-kafka-sub-example/vendor/laravel/framework/src/Illuminate/Console/Command.php(189): Symfony\\Component\\Console\\Command\\Command->run(Object(Symfony\\Component\\Console\\Input\\ArgvInput), Object(Illuminate\\Console\\OutputStyle))
#26 /Users/vinothkumarmoorthy/Desktop/laravel-kafka/laravel-kafka-sub-example/vendor/symfony/console/Application.php(1011): Illuminate\\Console\\Command->run(Object(Symfony\\Component\\Console\\Input\\ArgvInput), Object(Symfony\\Component\\Console\\Output\\ConsoleOutput))
#27 /Users/vinothkumarmoorthy/Desktop/laravel-kafka/laravel-kafka-sub-example/vendor/symfony/console/Application.php(272): Symfony\\Component\\Console\\Application->doRunCommand(Object(Illuminate\\Database\\Console\\Migrations\\MigrateCommand), Object(Symfony\\Component\\Console\\Input\\ArgvInput), Object(Symfony\\Component\\Console\\Output\\ConsoleOutput))
#28 /Users/vinothkumarmoorthy/Desktop/laravel-kafka/laravel-kafka-sub-example/vendor/symfony/console/Application.php(148): Symfony\\Component\\Console\\Application->doRun(Object(Symfony\\Component\\Console\\Input\\ArgvInput), Object(Symfony\\Component\\Console\\Output\\ConsoleOutput))
#29 /Users/vinothkumarmoorthy/Desktop/laravel-kafka/laravel-kafka-sub-example/vendor/laravel/framework/src/Illuminate/Console/Application.php(93): Symfony\\Component\\Console\\Application->run(Object(Symfony\\Component\\Console\\Input\\ArgvInput), Object(Symfony\\Component\\Console\\Output\\ConsoleOutput))
#30 /Users/vinothkumarmoorthy/Desktop/laravel-kafka/laravel-kafka-sub-example/vendor/laravel/framework/src/Illuminate/Foundation/Console/Kernel.php(131): Illuminate\\Console\\Application->run(Object(Symfony\\Component\\Console\\Input\\ArgvInput), Object(Symfony\\Component\\Console\\Output\\ConsoleOutput))
#31 /Users/vinothkumarmoorthy/Desktop/laravel-kafka/laravel-kafka-sub-example/artisan(37): Illuminate\\Foundation\\Console\\Kernel->handle(Object(Symfony\\Component\\Console\\Input\\ArgvInput), Object(Symfony\\Component\\Console\\Output\\ConsoleOutput))
#32 {main}
"} 
[2020-02-12 08:58:17] local.ERROR: Class 'RdKafka\KafkaConsumer' not found {"exception":"[object] (Symfony\\Component\\Debug\\Exception\\FatalThrowableError(code: 0): Class 'RdKafka\\KafkaConsumer' not found at /Users/vinothkumarmoorthy/Desktop/laravel-kafka/laravel-kafka-sub-example/app/Console/ConsumerCommand.php:35)
[stacktrace]
#0 [internal function]: App\\Console\\ConsumerCommand->handle()
#1 /Users/vinothkumarmoorthy/Desktop/laravel-kafka/laravel-kafka-sub-example/vendor/laravel/framework/src/Illuminate/Container/BoundMethod.php(32): call_user_func_array(Array, Array)
#2 /Users/vinothkumarmoorthy/Desktop/laravel-kafka/laravel-kafka-sub-example/vendor/laravel/framework/src/Illuminate/Container/Util.php(36): Illuminate\\Container\\BoundMethod::Illuminate\\Container\\{closure}()
#3 /Users/vinothkumarmoorthy/Desktop/laravel-kafka/laravel-kafka-sub-example/vendor/laravel/framework/src/Illuminate/Container/BoundMethod.php(90): Illuminate\\Container\\Util::unwrapIfClosure(Object(Closure))
#4 /Users/vinothkumarmoorthy/Desktop/laravel-kafka/laravel-kafka-sub-example/vendor/laravel/framework/src/Illuminate/Container/BoundMethod.php(34): Illuminate\\Container\\BoundMethod::callBoundMethod(Object(Illuminate\\Foundation\\Application), Array, Object(Closure))
#5 /Users/vinothkumarmoorthy/Desktop/laravel-kafka/laravel-kafka-sub-example/vendor/laravel/framework/src/Illuminate/Container/Container.php(590): Illuminate\\Container\\BoundMethod::call(Object(Illuminate\\Foundation\\Application), Array, Array, NULL)
#6 /Users/vinothkumarmoorthy/Desktop/laravel-kafka/laravel-kafka-sub-example/vendor/laravel/framework/src/Illuminate/Console/Command.php(202): Illuminate\\Container\\Container->call(Array)
#7 /Users/vinothkumarmoorthy/Desktop/laravel-kafka/laravel-kafka-sub-example/vendor/symfony/console/Command/Command.php(255): Illuminate\\Console\\Command->execute(Object(Symfony\\Component\\Console\\Input\\ArgvInput), Object(Illuminate\\Console\\OutputStyle))
#8 /Users/vinothkumarmoorthy/Desktop/laravel-kafka/laravel-kafka-sub-example/vendor/laravel/framework/src/Illuminate/Console/Command.php(189): Symfony\\Component\\Console\\Command\\Command->run(Object(Symfony\\Component\\Console\\Input\\ArgvInput), Object(Illuminate\\Console\\OutputStyle))
#9 /Users/vinothkumarmoorthy/Desktop/laravel-kafka/laravel-kafka-sub-example/vendor/symfony/console/Application.php(1011): Illuminate\\Console\\Command->run(Object(Symfony\\Component\\Console\\Input\\ArgvInput), Object(Symfony\\Component\\Console\\Output\\ConsoleOutput))
#10 /Users/vinothkumarmoorthy/Desktop/laravel-kafka/laravel-kafka-sub-example/vendor/symfony/console/Application.php(272): Symfony\\Component\\Console\\Application->doRunCommand(Object(App\\Console\\ConsumerCommand), Object(Symfony\\Component\\Console\\Input\\ArgvInput), Object(Symfony\\Component\\Console\\Output\\ConsoleOutput))
#11 /Users/vinothkumarmoorthy/Desktop/laravel-kafka/laravel-kafka-sub-example/vendor/symfony/console/Application.php(148): Symfony\\Component\\Console\\Application->doRun(Object(Symfony\\Component\\Console\\Input\\ArgvInput), Object(Symfony\\Component\\Console\\Output\\ConsoleOutput))
#12 /Users/vinothkumarmoorthy/Desktop/laravel-kafka/laravel-kafka-sub-example/vendor/laravel/framework/src/Illuminate/Console/Application.php(93): Symfony\\Component\\Console\\Application->run(Object(Symfony\\Component\\Console\\Input\\ArgvInput), Object(Symfony\\Component\\Console\\Output\\ConsoleOutput))
#13 /Users/vinothkumarmoorthy/Desktop/laravel-kafka/laravel-kafka-sub-example/vendor/laravel/framework/src/Illuminate/Foundation/Console/Kernel.php(131): Illuminate\\Console\\Application->run(Object(Symfony\\Component\\Console\\Input\\ArgvInput), Object(Symfony\\Component\\Console\\Output\\ConsoleOutput))
#14 /Users/vinothkumarmoorthy/Desktop/laravel-kafka/laravel-kafka-sub-example/artisan(37): Illuminate\\Foundation\\Console\\Kernel->handle(Object(Symfony\\Component\\Console\\Input\\ArgvInput), Object(Symfony\\Component\\Console\\Output\\ConsoleOutput))
#15 {main}
"} 
